<?xml version="1.0" encoding="UTF-8" standalone="no"?><testsuite errors="0" failures="0" name="Login" skipped="0" tests="6" time="0.4" timestamp="2022-10-06 03:40:51"><testcase name="Success login"/><testcase name="Failed Login with null username and valid password"/><testcase name="Failed Login with valid username and null password"/><testcase name="Failed Login with valid username and invalid password"/><testcase name="Failed Login with invalid username and valid password"/><testcase name="Failed Login with invalid username and invalid password"/></testsuite>