-------------------------------------------------------------------------------
Test set: starter.cucumberTestSuite
-------------------------------------------------------------------------------
Tests run: 1, Failures: 0, Errors: 1, Skipped: 0, Time elapsed: 0.012 s <<< FAILURE! - in starter.cucumberTestSuite
starter.cucumberTestSuite  Time elapsed: 0.003 s  <<< ERROR!
java.lang.IllegalArgumentException: path must exist: C:\MBKM\Alltera\Praktikum-BDD-Yoni\src\test\resources\features

